  main.c
e:\github\graphics-tests\common\camera.h(193): warning C4244: функция: преобразование "double" в "float", возможна потеря данных
e:\github\graphics-tests\common\camera.h(194): warning C4244: функция: преобразование "double" в "float", возможна потеря данных
e:\github\graphics-tests\common\camera.h(195): warning C4244: функция: преобразование "double" в "float", возможна потеря данных
e:\github\graphics-tests\common\camera.h(227): warning C4244: =: преобразование "float" в "LONG", возможна потеря данных
e:\github\graphics-tests\common\camera.h(228): warning C4244: =: преобразование "float" в "LONG", возможна потеря данных
e:\github\graphics-tests\common\camera.h(229): warning C4244: инициализация: преобразование "LONG" в "float", возможна потеря данных
e:\github\graphics-tests\common\camera.h(230): warning C4244: инициализация: преобразование "LONG" в "float", возможна потеря данных
e:\github\graphics-tests\opengl\ray_sphere_intersect_gl\main.c(7): error C2061: синтаксическая ошибка: идентификатор "camera"
e:\github\graphics-tests\opengl\ray_sphere_intersect_gl\main.c(7): error C2059: синтаксическая ошибка: ;
e:\github\graphics-tests\opengl\ray_sphere_intersect_gl\main.c(16): error C2065: camera: необъявленный идентификатор
e:\github\graphics-tests\opengl\ray_sphere_intersect_gl\main.c(16): error C2224: выражение слева от ".origin" должно иметь тип структуры или объединения
e:\github\graphics-tests\opengl\ray_sphere_intersect_gl\main.c(17): error C2065: camera: необъявленный идентификатор
e:\github\graphics-tests\opengl\ray_sphere_intersect_gl\main.c(17): error C2224: выражение слева от ".direction" должно иметь тип структуры или объединения
e:\github\graphics-tests\opengl\ray_sphere_intersect_gl\main.c(18): error C2065: camera: необъявленный идентификатор
e:\github\graphics-tests\opengl\ray_sphere_intersect_gl\main.c(18): error C2224: выражение слева от ".sensitivity" должно иметь тип структуры или объединения
e:\github\graphics-tests\opengl\ray_sphere_intersect_gl\main.c(22): error C2065: camera: необъявленный идентификатор
e:\github\graphics-tests\opengl\ray_sphere_intersect_gl\main.c(22): error C2224: выражение слева от ".mousecenter" должно иметь тип структуры или объединения
e:\github\graphics-tests\opengl\ray_sphere_intersect_gl\main.c(23): error C2065: camera: необъявленный идентификатор
e:\github\graphics-tests\opengl\ray_sphere_intersect_gl\main.c(23): error C2224: выражение слева от ".mousecenter" должно иметь тип структуры или объединения
e:\github\graphics-tests\opengl\ray_sphere_intersect_gl\main.c(34): warning C4013: ecamera_update: нет определения; предполагается "extern" с возвратом типа "int"
e:\github\graphics-tests\opengl\ray_sphere_intersect_gl\main.c(34): error C2065: camera: необъявленный идентификатор
