C:\Program Files (x86)\Microsoft Visual Studio\2017\Professional\Common7\IDE\VC\VCTargets\Microsoft.CppBuild.targets(391,5): warning MSB8028: промежуточный каталог (Debug\) содержит файлы, которые используются совместно с другим проектом (vector_angle_gl.vcxproj).  Это может привести к ошибкам очистки и перестроения.
  glmath.cpp
e:\github\graphics-tests\common\glmath.h(136): warning C4244: return: преобразование "double" в "float", возможна потеря данных
e:\github\graphics-tests\common\glmath.h(140): warning C4244: инициализация: преобразование "double" в "float", возможна потеря данных
e:\github\graphics-tests\common\glmath.h(302): warning C4244: =: преобразование "double" в "float", возможна потеря данных
e:\github\graphics-tests\common\glmath.cpp(37): warning C4244: аргумент: преобразование "double" в "float", возможна потеря данных
e:\github\graphics-tests\common\glmath.cpp(50): warning C4244: аргумент: преобразование "double" в "float", возможна потеря данных
e:\github\graphics-tests\common\glmath.cpp(59): warning C4244: инициализация: преобразование "double" в "float", возможна потеря данных
e:\github\graphics-tests\common\glmath.cpp(119): warning C4244: return: преобразование "double" в "float", возможна потеря данных
e:\github\graphics-tests\common\glmath.cpp(134): warning C4244: инициализация: преобразование "double" в "float", возможна потеря данных
e:\github\graphics-tests\common\glmath.cpp(154): warning C4244: аргумент: преобразование "double" в "float", возможна потеря данных
e:\github\graphics-tests\common\glmath.cpp(179): warning C4244: return: преобразование "double" в "float", возможна потеря данных
e:\github\graphics-tests\common\glmath.cpp(187): warning C4244: return: преобразование "double" в "float", возможна потеря данных
e:\github\graphics-tests\common\glmath.cpp(210): warning C4244: =: преобразование "double" в "float", возможна потеря данных
e:\github\graphics-tests\common\glmath.cpp(211): warning C4244: =: преобразование "double" в "float", возможна потеря данных
e:\github\graphics-tests\common\glmath.cpp(212): warning C4244: =: преобразование "double" в "float", возможна потеря данных
e:\github\graphics-tests\common\glmath.cpp(321): warning C4244: return: преобразование "double" в "float", возможна потеря данных
e:\github\graphics-tests\common\glmath.cpp(333): warning C4244: =: преобразование "double" в "float", возможна потеря данных
e:\github\graphics-tests\common\glmath.cpp(334): warning C4244: =: преобразование "double" в "float", возможна потеря данных
e:\github\graphics-tests\common\glmath.cpp(335): warning C4244: =: преобразование "double" в "float", возможна потеря данных
e:\github\graphics-tests\common\glmath.cpp(336): warning C4244: =: преобразование "double" в "float", возможна потеря данных
e:\github\graphics-tests\common\glmath.cpp(425): warning C4244: инициализация: преобразование "double" в "float", возможна потеря данных
e:\github\graphics-tests\common\glmath.cpp(428): warning C4244: инициализация: преобразование "double" в "float", возможна потеря данных
e:\github\graphics-tests\common\glmath.cpp(435): warning C4244: =: преобразование "double" в "float", возможна потеря данных
e:\github\graphics-tests\common\glmath.cpp(436): warning C4244: =: преобразование "double" в "float", возможна потеря данных
e:\github\graphics-tests\common\glmath.cpp(478): warning C4244: инициализация: преобразование "double" в "float", возможна потеря данных
e:\github\graphics-tests\common\glmath.cpp(479): warning C4244: аргумент: преобразование "double" в "float", возможна потеря данных
e:\github\graphics-tests\common\glmath.cpp(690): warning C4244: аргумент: преобразование "double" в "float", возможна потеря данных
e:\github\graphics-tests\common\glmath.cpp(689): warning C4244: аргумент: преобразование "double" в "float", возможна потеря данных
e:\github\graphics-tests\common\glmath.cpp(697): warning C4244: аргумент: преобразование "double" в "float", возможна потеря данных
e:\github\graphics-tests\common\glmath.cpp(695): warning C4244: аргумент: преобразование "double" в "float", возможна потеря данных
e:\github\graphics-tests\common\glmath.cpp(703): warning C4244: аргумент: преобразование "double" в "float", возможна потеря данных
e:\github\graphics-tests\common\glmath.cpp(702): warning C4244: аргумент: преобразование "double" в "float", возможна потеря данных
e:\github\graphics-tests\common\glmath.cpp(926): warning C4244: инициализация: преобразование "double" в "float", возможна потеря данных
e:\github\graphics-tests\common\glmath.cpp(946): warning C4244: инициализация: преобразование "double" в "float", возможна потеря данных
  main.cpp
e:\github\graphics-tests\common\glmath.h(136): warning C4244: return: преобразование "double" в "float", возможна потеря данных
e:\github\graphics-tests\common\glmath.h(140): warning C4244: инициализация: преобразование "double" в "float", возможна потеря данных
e:\github\graphics-tests\common\glmath.h(302): warning C4244: =: преобразование "double" в "float", возможна потеря данных
e:\github\graphics-tests\common\euler_camera.h(110): warning C4244: =: преобразование "float" в "LONG", возможна потеря данных
e:\github\graphics-tests\common\euler_camera.h(111): warning C4244: =: преобразование "float" в "LONG", возможна потеря данных
e:\github\graphics-tests\common\euler_camera.h(112): warning C4244: инициализация: преобразование "LONG" в "float", возможна потеря данных
e:\github\graphics-tests\common\euler_camera.h(113): warning C4244: инициализация: преобразование "LONG" в "float", возможна потеря данных
e:\github\graphics-tests\common\euler_camera.h(129): warning C4244: аргумент: преобразование "double" в "float", возможна потеря данных
e:\github\graphics-tests\common\euler_camera.h(130): warning C4244: аргумент: преобразование "double" в "float", возможна потеря данных
e:\github\graphics-tests\common\euler_camera.h(131): warning C4244: аргумент: преобразование "double" в "float", возможна потеря данных
e:\github\graphics-tests\opengl\vector_angle_gl\main.cpp(69): warning C4244: аргумент: преобразование "double" в "float", возможна потеря данных
e:\github\graphics-tests\opengl\vector_angle_gl\main.cpp(70): warning C4244: аргумент: преобразование "double" в "float", возможна потеря данных
e:\github\graphics-tests\opengl\vector_angle_gl\main.cpp(71): warning C4244: аргумент: преобразование "double" в "float", возможна потеря данных
  Создание кода...
  vector_angle_gl.vcxproj -> E:\GITHUB\graphics-tests\Debug\vectors_angle_gl.exe
