  voxel.cpp
e:\github\graphics-tests\common\glmath.h(139): warning C4244: return: преобразование "double" в "float", возможна потеря данных
e:\github\graphics-tests\common\glmath.h(143): warning C4244: инициализация: преобразование "double" в "float", возможна потеря данных
e:\github\graphics-tests\common\glmath.h(315): warning C4244: =: преобразование "double" в "float", возможна потеря данных
e:\github\graphics-tests\common\glmath.h(587): warning C4804: >: небезопасное использование типа "bool" в операции
e:\github\graphics-tests\common\glmath.h(588): warning C4804: <: небезопасное использование типа "bool" в операции
e:\github\graphics-tests\opengl\marching_cubes\voxel.cpp(416): warning C4244: аргумент: преобразование "float" в "int", возможна потеря данных
e:\github\graphics-tests\opengl\marching_cubes\voxel.cpp(437): warning C4244: аргумент: преобразование "float" в "int", возможна потеря данных
e:\github\graphics-tests\opengl\marching_cubes\voxel.cpp(472): warning C4244: аргумент: преобразование "float" в "int", возможна потеря данных
e:\github\graphics-tests\opengl\marching_cubes\voxel.cpp(476): warning C4244: аргумент: преобразование "float" в "int", возможна потеря данных
e:\github\graphics-tests\opengl\marching_cubes\voxel.cpp(646): warning C4244: аргумент: преобразование "float" в "int", возможна потеря данных
e:\github\graphics-tests\opengl\marching_cubes\voxel.cpp(719): warning C4244: аргумент: преобразование "int" в "GLfloat", возможна потеря данных
e:\github\graphics-tests\opengl\marching_cubes\voxel.cpp(720): warning C4244: аргумент: преобразование "int" в "GLfloat", возможна потеря данных
e:\github\graphics-tests\opengl\marching_cubes\voxel.cpp(721): warning C4244: аргумент: преобразование "int" в "GLfloat", возможна потеря данных
e:\github\graphics-tests\opengl\marching_cubes\voxel.cpp(722): warning C4244: аргумент: преобразование "int" в "GLfloat", возможна потеря данных
e:\github\graphics-tests\opengl\marching_cubes\voxel.cpp(726): warning C4244: аргумент: преобразование "int" в "GLfloat", возможна потеря данных
e:\github\graphics-tests\opengl\marching_cubes\voxel.cpp(727): warning C4244: аргумент: преобразование "int" в "GLfloat", возможна потеря данных
e:\github\graphics-tests\opengl\marching_cubes\voxel.cpp(728): warning C4244: аргумент: преобразование "int" в "GLfloat", возможна потеря данных
e:\github\graphics-tests\opengl\marching_cubes\voxel.cpp(729): warning C4244: аргумент: преобразование "int" в "GLfloat", возможна потеря данных
e:\github\graphics-tests\opengl\marching_cubes\voxel.cpp(733): warning C4244: аргумент: преобразование "int" в "GLfloat", возможна потеря данных
e:\github\graphics-tests\opengl\marching_cubes\voxel.cpp(734): warning C4244: аргумент: преобразование "int" в "GLfloat", возможна потеря данных
e:\github\graphics-tests\opengl\marching_cubes\voxel.cpp(736): warning C4244: аргумент: преобразование "int" в "GLfloat", возможна потеря данных
e:\github\graphics-tests\opengl\marching_cubes\voxel.cpp(737): warning C4244: аргумент: преобразование "int" в "GLfloat", возможна потеря данных
e:\github\graphics-tests\opengl\marching_cubes\voxel.cpp(739): warning C4244: аргумент: преобразование "int" в "GLfloat", возможна потеря данных
e:\github\graphics-tests\opengl\marching_cubes\voxel.cpp(740): warning C4244: аргумент: преобразование "int" в "GLfloat", возможна потеря данных
e:\github\graphics-tests\opengl\marching_cubes\voxel.cpp(742): warning C4244: аргумент: преобразование "int" в "GLfloat", возможна потеря данных
e:\github\graphics-tests\opengl\marching_cubes\voxel.cpp(743): warning C4244: аргумент: преобразование "int" в "GLfloat", возможна потеря данных
e:\github\graphics-tests\opengl\marching_cubes\voxel.cpp(856): warning C4477: "printf": в строке форматирования "%x" требуется аргумент типа "unsigned int", но вариативный аргумент "1" имеет тип "CVoxelSector *"
e:\github\graphics-tests\opengl\marching_cubes\voxel.cpp(968): warning C4477: "printf": в строке форматирования "%x" требуется аргумент типа "unsigned int", но вариативный аргумент "1" имеет тип "CChunk *"
  Создание кода
  3 of 334 functions ( 0.9%) were compiled, the rest were copied from previous compilation.
    0 functions were new in current compilation
    4 functions had inline decision re-evaluated but remain unchanged
  Создание кода завершено
  marching_cubes.vcxproj -> E:\GITHUB\graphics-tests\Release\marching_cubes.exe
