  gl_extmgr.cpp
  gl_main.cpp
e:\github\graphics-tests\common\glmath.h(139): warning C4244: return: преобразование "double" в "float", возможна потеря данных
e:\github\graphics-tests\common\glmath.h(143): warning C4244: инициализация: преобразование "double" в "float", возможна потеря данных
e:\github\graphics-tests\common\glmath.h(315): warning C4244: =: преобразование "double" в "float", возможна потеря данных
e:\github\graphics-tests\common\glmath.h(587): warning C4804: >: небезопасное использование типа "bool" в операции
e:\github\graphics-tests\common\glmath.h(588): warning C4804: <: небезопасное использование типа "bool" в операции
  mesh.cpp
e:\github\graphics-tests\common\glmath.h(139): warning C4244: return: преобразование "double" в "float", возможна потеря данных
e:\github\graphics-tests\common\glmath.h(143): warning C4244: инициализация: преобразование "double" в "float", возможна потеря данных
e:\github\graphics-tests\common\glmath.h(315): warning C4244: =: преобразование "double" в "float", возможна потеря данных
e:\github\graphics-tests\common\glmath.h(587): warning C4804: >: небезопасное использование типа "bool" в операции
e:\github\graphics-tests\common\glmath.h(588): warning C4804: <: небезопасное использование типа "bool" в операции
e:\github\graphics-tests\opengl\render_structures\mesh.cpp(97): warning C4003: недостаточно аргументов для вызова макроса, подобного функции, "glBufferData"
  Создание кода...
e:\github\graphics-tests\opengl\render_structures\mesh.cpp(62): warning C4715: render_alloc_vao_by_flags: значение возвращается не при всех путях выполнения
mesh.obj : error LNK2019: ёё√ыър эр эхЁрчЁх°хээ√щ тэх°эшщ ёшьтюы __imp__glPopMatrix@0 т ЇєэъЎшш "void __cdecl render_mesh_draw_meshes_40(struct render_meshes_t *)" (?render_mesh_draw_meshes_40@@YAXPAUrender_meshes_t@@@Z)
mesh.obj : error LNK2019: ёё√ыър эр эхЁрчЁх°хээ√щ тэх°эшщ ёшьтюы __imp__glPushMatrix@0 т ЇєэъЎшш "void __cdecl render_mesh_draw_meshes_40(struct render_meshes_t *)" (?render_mesh_draw_meshes_40@@YAXPAUrender_meshes_t@@@Z)
mesh.obj : error LNK2019: ёё√ыър эр эхЁрчЁх°хээ√щ тэх°эшщ ёшьтюы __imp__glTranslatef@12 т ЇєэъЎшш "void __cdecl render_mesh_draw_meshes_40(struct render_meshes_t *)" (?render_mesh_draw_meshes_40@@YAXPAUrender_meshes_t@@@Z)
E:\GITHUB\graphics-tests\Debug\render_structures.exe : fatal error LNK1120: эхЁрчЁх°хээ√ї тэх°эшї ¤ыхьхэЄют: 3
