  main.cpp
e:\github\graphics-tests\common\glmath.h(139): warning C4244: return: преобразование "double" в "float", возможна потеря данных
e:\github\graphics-tests\common\glmath.h(143): warning C4244: инициализация: преобразование "double" в "float", возможна потеря данных
e:\github\graphics-tests\common\glmath.h(307): warning C4244: =: преобразование "double" в "float", возможна потеря данных
e:\github\graphics-tests\common\euler_camera.h(110): warning C4244: =: преобразование "float" в "LONG", возможна потеря данных
e:\github\graphics-tests\common\euler_camera.h(111): warning C4244: =: преобразование "float" в "LONG", возможна потеря данных
e:\github\graphics-tests\common\euler_camera.h(112): warning C4244: инициализация: преобразование "LONG" в "float", возможна потеря данных
e:\github\graphics-tests\common\euler_camera.h(113): warning C4244: инициализация: преобразование "LONG" в "float", возможна потеря данных
e:\github\graphics-tests\common\euler_camera.h(129): warning C4244: аргумент: преобразование "double" в "float", возможна потеря данных
e:\github\graphics-tests\common\euler_camera.h(130): warning C4244: аргумент: преобразование "double" в "float", возможна потеря данных
e:\github\graphics-tests\common\euler_camera.h(131): warning C4244: аргумент: преобразование "double" в "float", возможна потеря данных
e:\github\graphics-tests\opengl\vector_angle_gl\main.cpp(79): warning C4244: аргумент: преобразование "double" в "float", возможна потеря данных
e:\github\graphics-tests\opengl\vector_angle_gl\main.cpp(80): warning C4244: аргумент: преобразование "double" в "float", возможна потеря данных
e:\github\graphics-tests\opengl\vector_angle_gl\main.cpp(81): warning C4244: аргумент: преобразование "double" в "float", возможна потеря данных
e:\github\graphics-tests\opengl\vector_angle_gl\main.cpp(99): warning C4244: аргумент: преобразование "double" в "float", возможна потеря данных
  Создание кода
  2 of 76 functions ( 2.6%) were compiled, the rest were copied from previous compilation.
    0 functions were new in current compilation
    0 functions had inline decision re-evaluated but remain unchanged
  Создание кода завершено
  vector_angle_gl.vcxproj -> E:\GITHUB\graphics-tests\Release\vectors_angle_gl.exe
