  main.c
e:\github\graphics-tests\common\camera.h(195): warning C4244: функция: преобразование "double" в "float", возможна потеря данных
e:\github\graphics-tests\common\camera.h(196): warning C4244: функция: преобразование "double" в "float", возможна потеря данных
e:\github\graphics-tests\common\camera.h(197): warning C4244: функция: преобразование "double" в "float", возможна потеря данных
e:\github\graphics-tests\common\camera.h(229): warning C4244: =: преобразование "float" в "LONG", возможна потеря данных
e:\github\graphics-tests\common\camera.h(230): warning C4244: =: преобразование "float" в "LONG", возможна потеря данных
e:\github\graphics-tests\common\camera.h(231): warning C4244: инициализация: преобразование "LONG" в "float", возможна потеря данных
e:\github\graphics-tests\common\camera.h(232): warning C4244: инициализация: преобразование "LONG" в "float", возможна потеря данных
e:\github\graphics-tests\opengl\plane_with_multiple_points\main.c(13): warning C4005: DEG2RAD: изменение макроопределения
  e:\github\graphics-tests\common\math.h(12): note: см. предыдущее определение "DEG2RAD"
e:\github\graphics-tests\opengl\plane_with_multiple_points\main.c(14): warning C4005: RAD2DEG: изменение макроопределения
  e:\github\graphics-tests\common\math.h(10): note: см. предыдущее определение "RAD2DEG"
e:\github\graphics-tests\opengl\plane_with_multiple_points\main.c(52): warning C4244: функция: преобразование "double" в "float", возможна потеря данных
e:\github\graphics-tests\opengl\plane_with_multiple_points\main.c(53): warning C4244: функция: преобразование "double" в "float", возможна потеря данных
e:\github\graphics-tests\opengl\plane_with_multiple_points\main.c(54): warning C4244: функция: преобразование "double" в "float", возможна потеря данных
e:\github\graphics-tests\opengl\plane_with_multiple_points\main.c(76): warning C4090: инициализация: разные квалификаторы "const"
e:\github\graphics-tests\opengl\plane_with_multiple_points\main.c(77): warning C4090: инициализация: разные квалификаторы "const"
e:\github\graphics-tests\opengl\plane_with_multiple_points\main.c(95): warning C4305: =: усечение из "double" в "float"
e:\github\graphics-tests\opengl\plane_with_multiple_points\main.c(265): warning C4305: функция: усечение из "double" в "float"
e:\github\graphics-tests\opengl\plane_with_multiple_points\main.c(266): warning C4305: функция: усечение из "double" в "float"
  plane_with_multiple_points.vcxproj -> E:\GITHUB\graphics-tests\Debug\plane_with_multiple_points.exe
